Unity Editor version:    2021.3.9f1 (ad3870b89536)
Branch:                  2021.3/staging
Build type:              Release
Batch mode:              YES
macOS version:           Version 12.0.1 (Build 21A559)
Darwin version:          21.1.0
Architecture:            x86_64
Running under Rosetta:   YES
Available memory:        16384 MB
Using pre-set license
Pro License: YES

COMMAND LINE ARGUMENTS:
/Applications/Unity/Hub/Editor/2021.3.9f1/Unity.app/Contents/MacOS/Unity
-adb2
-batchMode
-noUpm
-name
AssetImportWorker1
-projectPath
/Users/alison/Grass
-logFile
Logs/AssetImportWorker1.log
-srvPort
63064
Successfully changed project path to: /Users/alison/Grass
/Users/alison/Grass
[UnityMemory] Configuration Parameters - Can be set up in boot.config
    "memorysetup-bucket-allocator-granularity=16"
    "memorysetup-bucket-allocator-bucket-count=8"
    "memorysetup-bucket-allocator-block-size=33554432"
    "memorysetup-bucket-allocator-block-count=8"
    "memorysetup-main-allocator-block-size=16777216"
    "memorysetup-thread-allocator-block-size=16777216"
    "memorysetup-gfx-main-allocator-block-size=16777216"
    "memorysetup-gfx-thread-allocator-block-size=16777216"
    "memorysetup-cache-allocator-block-size=4194304"
    "memorysetup-typetree-allocator-block-size=2097152"
    "memorysetup-profiler-bucket-allocator-granularity=16"
    "memorysetup-profiler-bucket-allocator-bucket-count=8"
    "memorysetup-profiler-bucket-allocator-block-size=33554432"
    "memorysetup-profiler-bucket-allocator-block-count=8"
    "memorysetup-profiler-allocator-block-size=16777216"
    "memorysetup-profiler-editor-allocator-block-size=1048576"
    "memorysetup-temp-allocator-size-main=16777216"
    "memorysetup-job-temp-allocator-block-size=2097152"
    "memorysetup-job-temp-allocator-block-size-background=1048576"
    "memorysetup-job-temp-allocator-reduction-small-platforms=262144"
    "memorysetup-temp-allocator-size-background-worker=32768"
    "memorysetup-temp-allocator-size-job-worker=262144"
    "memorysetup-temp-allocator-size-preload-manager=33554432"
    "memorysetup-temp-allocator-size-nav-mesh-worker=65536"
    "memorysetup-temp-allocator-size-audio-worker=65536"
    "memorysetup-temp-allocator-size-cloud-worker=32768"
    "memorysetup-temp-allocator-size-gi-baking-worker=262144"
    "memorysetup-temp-allocator-size-gfx=262144"
Refreshing native plugins compatible for Editor in 108.91 ms, found 2 plugins.
Preloading 0 native plugins for Editor in 0.00 ms.
Initialize engine version: 2021.3.9f1 (ad3870b89536)
[Subsystems] Discovering subsystems at path /Applications/Unity/Hub/Editor/2021.3.9f1/Unity.app/Contents/Resources/UnitySubsystems
[Subsystems] Discovering subsystems at path /Users/alison/Grass/Assets
GfxDevice: creating device client; threaded=0; jobified=0
 preferred device: Apple M1 Pro (high power)
Metal devices available: 1
0: Apple M1 Pro (high power)
Using device Apple M1 Pro (high power)
Initializing Metal device caps: Apple M1 Pro
Initialize mono
Mono path[0] = '/Applications/Unity/Hub/Editor/2021.3.9f1/Unity.app/Contents/Managed'
Mono path[1] = '/Applications/Unity/Hub/Editor/2021.3.9f1/Unity.app/Contents/MonoBleedingEdge/lib/mono/unityjit-macos'
Mono config path = '/Applications/Unity/Hub/Editor/2021.3.9f1/Unity.app/Contents/MonoBleedingEdge/etc'
Using monoOptions --debugger-agent=transport=dt_socket,embedding=1,server=y,suspend=n,address=127.0.0.1:56983
Begin MonoManager ReloadAssembly
Registering precompiled unity dll's ...
Register platform support module: /Applications/Unity/Hub/Editor/2021.3.9f1/PlaybackEngines/WebGLSupport/UnityEditor.WebGL.Extensions.dll
Register platform support module: /Applications/Unity/Hub/Editor/2021.3.9f1/Unity.app/Contents/PlaybackEngines/MacStandaloneSupport/UnityEditor.OSXStandalone.Extensions.dll
Registered in 0.001015 seconds.
Native extension for OSXStandalone target not found
Native extension for WebGL target not found
Refreshing native plugins compatible for Editor in 99.64 ms, found 2 plugins.
Preloading 0 native plugins for Editor in 0.00 ms.
Mono: successfully reloaded assembly
- Completed reload, in  1.538 seconds
Domain Reload Profiling:
	ReloadAssembly (1539ms)
		BeginReloadAssembly (161ms)
			ExecutionOrderSort (0ms)
			DisableScriptedObjects (0ms)
			BackupInstance (0ms)
			ReleaseScriptingObjects (0ms)
			CreateAndSetChildDomain (2ms)
		EndReloadAssembly (1124ms)
			LoadAssemblies (159ms)
			RebuildTransferFunctionScriptingTraits (0ms)
			SetupTypeCache (130ms)
			ReleaseScriptCaches (0ms)
			RebuildScriptCaches (33ms)
			SetupLoadedEditorAssemblies (809ms)
				LogAssemblyErrors (0ms)
				InitializePlatformSupportModulesInManaged (20ms)
				SetLoadedEditorAssemblies (1ms)
				RefreshPlugins (100ms)
				BeforeProcessingInitializeOnLoad (3ms)
				ProcessInitializeOnLoadAttributes (504ms)
				ProcessInitializeOnLoadMethodAttributes (180ms)
				AfterProcessingInitializeOnLoad (0ms)
				EditorAssembliesLoaded (0ms)
			ExecutionOrderSort2 (0ms)
			AwakeInstancesAfterBackupRestoration (0ms)
Platform modules already initialized, skipping
Registering precompiled user dll's ...
Registered in 0.006522 seconds.
Begin MonoManager ReloadAssembly
Symbol file LoadedFromMemory doesn't match image /Users/alison/Grass/Library/PackageCache/com.unity.visualscripting@1.7.8/Editor/VisualScripting.Core/Dependencies/YamlDotNet/Unity.VisualScripting.YamlDotNet.dll
Symbol file LoadedFromMemory doesn't match image /Users/alison/Grass/Library/PackageCache/com.unity.visualscripting@1.7.8/Editor/VisualScripting.Core/Dependencies/DotNetZip/Unity.VisualScripting.IonicZip.dll
Native extension for OSXStandalone target not found
Native extension for WebGL target not found
Refreshing native plugins compatible for Editor in 0.68 ms, found 2 plugins.
Preloading 0 native plugins for Editor in 0.00 ms.
Mono: successfully reloaded assembly
- Completed reload, in  2.392 seconds
Domain Reload Profiling:
	ReloadAssembly (2395ms)
		BeginReloadAssembly (242ms)
			ExecutionOrderSort (0ms)
			DisableScriptedObjects (43ms)
			BackupInstance (0ms)
			ReleaseScriptingObjects (0ms)
			CreateAndSetChildDomain (30ms)
		EndReloadAssembly (1864ms)
			LoadAssemblies (153ms)
			RebuildTransferFunctionScriptingTraits (0ms)
			SetupTypeCache (325ms)
			ReleaseScriptCaches (1ms)
			RebuildScriptCaches (61ms)
			SetupLoadedEditorAssemblies (1162ms)
				LogAssemblyErrors (0ms)
				InitializePlatformSupportModulesInManaged (16ms)
				SetLoadedEditorAssemblies (2ms)
				RefreshPlugins (1ms)
				BeforeProcessingInitializeOnLoad (131ms)
				ProcessInitializeOnLoadAttributes (898ms)
				ProcessInitializeOnLoadMethodAttributes (113ms)
				AfterProcessingInitializeOnLoad (1ms)
				EditorAssembliesLoaded (0ms)
			ExecutionOrderSort2 (0ms)
			AwakeInstancesAfterBackupRestoration (11ms)
Platform modules already initialized, skipping
========================================================================
Worker process is ready to serve import requests
Launching external process: /Applications/Unity/Hub/Editor/2021.3.9f1/Unity.app/Contents/Tools/UnityShaderCompiler
Launched and connected shader compiler UnityShaderCompiler after 0.08 seconds
Refreshing native plugins compatible for Editor in 0.64 ms, found 2 plugins.
Preloading 0 native plugins for Editor in 0.00 ms.
Unloading 3412 Unused Serialized files (Serialized files now loaded: 0)
Unloading 27 unused Assets / (95.6 KB). Loaded Objects now: 3895.
Memory consumption went from 327.7 MB to 327.6 MB.
Total: 3.127292 ms (FindLiveObjects: 0.198084 ms CreateObjectMapping: 0.083834 ms MarkObjects: 2.711500 ms  DeleteObjects: 0.132458 ms)

AssetImportParameters requested are different than current active one (requested -> active):
  custom:video-decoder-ogg-theora: a1e56fd34408186e4bbccfd4996cb3dc -> 
  custom:container-muxer-webm: aa71ff27fc2769a1b78a27578f13a17b -> 
  custom:container-demuxer-webm: 4f35f7cbe854078d1ac9338744f61a02 -> 
  custom:video-encoder-webm-vp8: eb34c28f22e8b96e1ab97ce403110664 -> 
  custom:framework-osx-AVFoundation: e770b220cccbd017edd2c1fefb359320 -> 
  custom:audio-encoder-webm-vorbis: bf7c407c2cedff20999df2af8eb42d56 -> 
  custom:container-demuxer-ogg: 62fdf1f143b41e24485cea50d1cbac27 -> 
  custom:video-decoder-webm-vp8: 9c59270c3fd7afecdb556c50c9e8de78 -> 
  custom:audio-decoder-ogg-vorbis: bf7c407c2cedff20999df2af8eb42d56 -> 
========================================================================
Received Import Request.
  Time since last request: 68951.742391 seconds.
  path: Assets/Detail Flower Pack/Models/flower4a.FBX
  artifactKey: Guid(2d3db247564de024c9ff5abe93bf445b) Importer(815301076,1909f56bfc062723c751e8b465ee728b)
Start importing Assets/Detail Flower Pack/Models/flower4a.FBX using Guid(2d3db247564de024c9ff5abe93bf445b) Importer(815301076,1909f56bfc062723c751e8b465ee728b)  -> (artifact id: '1618c99162edadc454210d2c2d994dfb') in 0.934571 seconds 
========================================================================
Received Import Request.
  Time since last request: 0.000204 seconds.
  path: Assets/Detail Flower Pack/Models/flower3b.FBX
  artifactKey: Guid(7813fd456c3abd7489b8c8455125d885) Importer(815301076,1909f56bfc062723c751e8b465ee728b)
Start importing Assets/Detail Flower Pack/Models/flower3b.FBX using Guid(7813fd456c3abd7489b8c8455125d885) Importer(815301076,1909f56bfc062723c751e8b465ee728b)  -> (artifact id: '541c94a4efcacdea7f2fab633b6f306c') in 0.027916 seconds 
========================================================================
Received Import Request.
  Time since last request: 0.000053 seconds.
  path: Assets/Detail Flower Pack/Models/flower15.FBX
  artifactKey: Guid(c40dc88e91ea1b949909a729f832b5b5) Importer(815301076,1909f56bfc062723c751e8b465ee728b)
Start importing Assets/Detail Flower Pack/Models/flower15.FBX using Guid(c40dc88e91ea1b949909a729f832b5b5) Importer(815301076,1909f56bfc062723c751e8b465ee728b)  -> (artifact id: '4c067e4f64e2ca3444e6f87cc7b3c680') in 0.032196 seconds 
========================================================================
Received Import Request.
  Time since last request: 0.000110 seconds.
  path: Assets/Detail Flower Pack/Models/flower2a.FBX
  artifactKey: Guid(535284467a3b92d46a679e186bcd45d6) Importer(815301076,1909f56bfc062723c751e8b465ee728b)
Start importing Assets/Detail Flower Pack/Models/flower2a.FBX using Guid(535284467a3b92d46a679e186bcd45d6) Importer(815301076,1909f56bfc062723c751e8b465ee728b)  -> (artifact id: '17aa9d5052e349231acf1d0cf29a7bf3') in 0.038052 seconds 
========================================================================
Received Import Request.
  Time since last request: 0.000060 seconds.
  path: Assets/Detail Flower Pack/Models/flower8b.FBX
  artifactKey: Guid(b5572ac787a14e24584c540c3332ea03) Importer(815301076,1909f56bfc062723c751e8b465ee728b)
Start importing Assets/Detail Flower Pack/Models/flower8b.FBX using Guid(b5572ac787a14e24584c540c3332ea03) Importer(815301076,1909f56bfc062723c751e8b465ee728b)  -> (artifact id: '87e3e3a24f099067f914a944fd8fb47e') in 0.020845 seconds 
========================================================================
Received Import Request.
  Time since last request: 0.000064 seconds.
  path: Assets/Detail Flower Pack/Models/flower6b.FBX
  artifactKey: Guid(436d42b9a525a2647b4a3f03edaa336b) Importer(815301076,1909f56bfc062723c751e8b465ee728b)
Start importing Assets/Detail Flower Pack/Models/flower6b.FBX using Guid(436d42b9a525a2647b4a3f03edaa336b) Importer(815301076,1909f56bfc062723c751e8b465ee728b)  -> (artifact id: '5063f29d4462ea82bc4a544bad3b61cc') in 0.021578 seconds 
========================================================================
Received Import Request.
  Time since last request: 0.000077 seconds.
  path: Assets/Detail Flower Pack/Models/flower14a.FBX
  artifactKey: Guid(6d35380965aebbd45bc02ccb30b321a8) Importer(815301076,1909f56bfc062723c751e8b465ee728b)
Start importing Assets/Detail Flower Pack/Models/flower14a.FBX using Guid(6d35380965aebbd45bc02ccb30b321a8) Importer(815301076,1909f56bfc062723c751e8b465ee728b)  -> (artifact id: '481410e51f3e51dbe7a6315efd66c35c') in 0.022256 seconds 
========================================================================
Received Import Request.
  Time since last request: 0.000065 seconds.
  path: Assets/Detail Flower Pack/Models/grass2.FBX
  artifactKey: Guid(1bedc354f2d71cb49933eb0820a0aa65) Importer(815301076,1909f56bfc062723c751e8b465ee728b)
Start importing Assets/Detail Flower Pack/Models/grass2.FBX using Guid(1bedc354f2d71cb49933eb0820a0aa65) Importer(815301076,1909f56bfc062723c751e8b465ee728b)  -> (artifact id: '1f4335461b91e730a531faf8e59ef86c') in 0.024274 seconds 
========================================================================
Received Import Request.
  Time since last request: 0.000074 seconds.
  path: Assets/Detail Flower Pack/Models/flower13a.FBX
  artifactKey: Guid(aee15e245f4a5e742b47ff5439f25b68) Importer(815301076,1909f56bfc062723c751e8b465ee728b)
Start importing Assets/Detail Flower Pack/Models/flower13a.FBX using Guid(aee15e245f4a5e742b47ff5439f25b68) Importer(815301076,1909f56bfc062723c751e8b465ee728b)  -> (artifact id: 'cea87c7864645c192282e3f5298cb93b') in 0.018379 seconds 
========================================================================
Received Import Request.
  Time since last request: 0.000075 seconds.
  path: Assets/Detail Flower Pack/Models/flower11b.FBX
  artifactKey: Guid(105e092a688772847a7bbffdfcfa270b) Importer(815301076,1909f56bfc062723c751e8b465ee728b)
Start importing Assets/Detail Flower Pack/Models/flower11b.FBX using Guid(105e092a688772847a7bbffdfcfa270b) Importer(815301076,1909f56bfc062723c751e8b465ee728b)  -> (artifact id: '0826ffbd30fc1070340c0daf64416899') in 0.019056 seconds 
========================================================================
Received Import Request.
  Time since last request: 0.000071 seconds.
  path: Assets/Detail Flower Pack/Models/flower7a.FBX
  artifactKey: Guid(e228b0d6341ae114a927894971fa9bec) Importer(815301076,1909f56bfc062723c751e8b465ee728b)
Start importing Assets/Detail Flower Pack/Models/flower7a.FBX using Guid(e228b0d6341ae114a927894971fa9bec) Importer(815301076,1909f56bfc062723c751e8b465ee728b)  -> (artifact id: 'a552e424eb37a35c6a00ad241348c7a5') in 0.018239 seconds 
========================================================================
Received Import Request.
  Time since last request: 0.000076 seconds.
  path: Assets/Detail Flower Pack/Models/ground1.FBX
  artifactKey: Guid(e26f048e16fb12a4a95331eb72350705) Importer(815301076,1909f56bfc062723c751e8b465ee728b)
Start importing Assets/Detail Flower Pack/Models/ground1.FBX using Guid(e26f048e16fb12a4a95331eb72350705) Importer(815301076,1909f56bfc062723c751e8b465ee728b)  -> (artifact id: '06e2b15fd25dcd30ccc18dbd5637f413') in 0.016560 seconds 
========================================================================
Received Import Request.
  Time since last request: 0.000061 seconds.
  path: Assets/Detail Flower Pack/Models/flower11a.FBX
  artifactKey: Guid(752dd4cfdf23f104aadd1b9627da56dd) Importer(815301076,1909f56bfc062723c751e8b465ee728b)
Start importing Assets/Detail Flower Pack/Models/flower11a.FBX using Guid(752dd4cfdf23f104aadd1b9627da56dd) Importer(815301076,1909f56bfc062723c751e8b465ee728b)  -> (artifact id: 'a6a3c5fb222bc49fe94e46acb06c3502') in 0.016411 seconds 
========================================================================
Received Import Request.
  Time since last request: 0.000085 seconds.
  path: Assets/Detail Flower Pack/Models/flower12a.FBX
  artifactKey: Guid(1385cbc7c184d714b8ffd404761200dd) Importer(815301076,1909f56bfc062723c751e8b465ee728b)
Start importing Assets/Detail Flower Pack/Models/flower12a.FBX using Guid(1385cbc7c184d714b8ffd404761200dd) Importer(815301076,1909f56bfc062723c751e8b465ee728b)  -> (artifact id: 'a62dab938d3483f713f25fd028695acc') in 0.021029 seconds 
========================================================================
Received Import Request.
  Time since last request: 0.000077 seconds.
  path: Assets/Detail Flower Pack/Models/flower3a.FBX
  artifactKey: Guid(77d303b871d9b634f8ef2763bf72222d) Importer(815301076,1909f56bfc062723c751e8b465ee728b)
Start importing Assets/Detail Flower Pack/Models/flower3a.FBX using Guid(77d303b871d9b634f8ef2763bf72222d) Importer(815301076,1909f56bfc062723c751e8b465ee728b)  -> (artifact id: 'd8f8c72a4b21cdc5e8a4494847133416') in 0.019281 seconds 
========================================================================
Received Import Request.
  Time since last request: 0.000071 seconds.
  path: Assets/Detail Flower Pack/Models/flower12b.FBX
  artifactKey: Guid(738144982107938418550fcb56640dfe) Importer(815301076,1909f56bfc062723c751e8b465ee728b)
Start importing Assets/Detail Flower Pack/Models/flower12b.FBX using Guid(738144982107938418550fcb56640dfe) Importer(815301076,1909f56bfc062723c751e8b465ee728b)  -> (artifact id: 'd20756ef1fb98cbc66a1d0a0207e23f7') in 0.016636 seconds 
========================================================================
Received Import Request.
  Time since last request: 20.937365 seconds.
  path: Assets/Detail Flower Pack/prefabs/flower1a.prefab
  artifactKey: Guid(c48c7f93789dba940b6ce2e88347d1f5) Importer(815301076,1909f56bfc062723c751e8b465ee728b)
Start importing Assets/Detail Flower Pack/prefabs/flower1a.prefab using Guid(c48c7f93789dba940b6ce2e88347d1f5) Importer(815301076,1909f56bfc062723c751e8b465ee728b)  -> (artifact id: '8000715a632e647abd31bbbed951f837') in 0.743054 seconds 
========================================================================
Received Import Request.
  Time since last request: 0.000074 seconds.
  path: Assets/Detail Flower Pack/prefabs/grass3.prefab
  artifactKey: Guid(cb6c3430c9bed78499c2339c2b21ee8c) Importer(815301076,1909f56bfc062723c751e8b465ee728b)
Start importing Assets/Detail Flower Pack/prefabs/grass3.prefab using Guid(cb6c3430c9bed78499c2339c2b21ee8c) Importer(815301076,1909f56bfc062723c751e8b465ee728b)  -> (artifact id: 'f26c70945f82d7a6c40de1dffcd652f0') in 0.013123 seconds 
========================================================================
Received Import Request.
  Time since last request: 0.000089 seconds.
  path: Assets/Detail Flower Pack/prefabs/flower4a.prefab
  artifactKey: Guid(a5a2fa6f4a5f9c54db1353b297ad8e31) Importer(815301076,1909f56bfc062723c751e8b465ee728b)
Start importing Assets/Detail Flower Pack/prefabs/flower4a.prefab using Guid(a5a2fa6f4a5f9c54db1353b297ad8e31) Importer(815301076,1909f56bfc062723c751e8b465ee728b)  -> (artifact id: '01ec861203f42a5ba869f220d9cdab54') in 0.012285 seconds 
========================================================================
Received Import Request.
  Time since last request: 0.000049 seconds.
  path: Assets/Detail Flower Pack/prefabs/flower6b.prefab
  artifactKey: Guid(bc1275632ed903243916f4a95ca8c2e8) Importer(815301076,1909f56bfc062723c751e8b465ee728b)
Start importing Assets/Detail Flower Pack/prefabs/flower6b.prefab using Guid(bc1275632ed903243916f4a95ca8c2e8) Importer(815301076,1909f56bfc062723c751e8b465ee728b)  -> (artifact id: 'd56667b95e457ace1ca20639b4a4bc6c') in 0.013080 seconds 
========================================================================
Received Import Request.
  Time since last request: 0.000072 seconds.
  path: Assets/Detail Flower Pack/prefabs/flower4b.prefab
  artifactKey: Guid(b97f7687aa70cbc46b8ea44aa3c2d6b7) Importer(815301076,1909f56bfc062723c751e8b465ee728b)
Start importing Assets/Detail Flower Pack/prefabs/flower4b.prefab using Guid(b97f7687aa70cbc46b8ea44aa3c2d6b7) Importer(815301076,1909f56bfc062723c751e8b465ee728b)  -> (artifact id: '4abd0803146e6947b023fd3ad44836ab') in 0.011013 seconds 
========================================================================
Received Import Request.
  Time since last request: 0.000085 seconds.
  path: Assets/Detail Flower Pack/prefabs/grass1.prefab
  artifactKey: Guid(c2ef63ae0e76c52499f0ad1b6e4d4d87) Importer(815301076,1909f56bfc062723c751e8b465ee728b)
Start importing Assets/Detail Flower Pack/prefabs/grass1.prefab using Guid(c2ef63ae0e76c52499f0ad1b6e4d4d87) Importer(815301076,1909f56bfc062723c751e8b465ee728b)  -> (artifact id: 'ad48923d5cdf7128c1daeda1100f48c8') in 0.011749 seconds 
========================================================================
Received Import Request.
  Time since last request: 0.000050 seconds.
  path: Assets/Detail Flower Pack/prefabs/flower1b.prefab
  artifactKey: Guid(8569a818600d8ef4a9d755b186fe7b79) Importer(815301076,1909f56bfc062723c751e8b465ee728b)
Start importing Assets/Detail Flower Pack/prefabs/flower1b.prefab using Guid(8569a818600d8ef4a9d755b186fe7b79) Importer(815301076,1909f56bfc062723c751e8b465ee728b)  -> (artifact id: 'c0d2099ab3b11bfc879d5d95a5185559') in 0.012726 seconds 
========================================================================
Received Import Request.
  Time since last request: 0.000067 seconds.
  path: Assets/Detail Flower Pack/prefabs/flower2a.prefab
  artifactKey: Guid(5f5eac1a60fa5644a9a67ba36616ef6e) Importer(815301076,1909f56bfc062723c751e8b465ee728b)
Start importing Assets/Detail Flower Pack/prefabs/flower2a.prefab using Guid(5f5eac1a60fa5644a9a67ba36616ef6e) Importer(815301076,1909f56bfc062723c751e8b465ee728b)  -> (artifact id: '4e087d14f7afdfe8e7630b4ef3dd8ab4') in 0.010140 seconds 
========================================================================
Received Import Request.
  Time since last request: 0.000056 seconds.
  path: Assets/Detail Flower Pack/prefabs/flower14a.prefab
  artifactKey: Guid(c6e54b75ba703ce4da7d886b4ee9cf89) Importer(815301076,1909f56bfc062723c751e8b465ee728b)
Start importing Assets/Detail Flower Pack/prefabs/flower14a.prefab using Guid(c6e54b75ba703ce4da7d886b4ee9cf89) Importer(815301076,1909f56bfc062723c751e8b465ee728b)  -> (artifact id: 'becc9bb1b5709ed977b51d61007b2be8') in 0.014582 seconds 
========================================================================
Received Import Request.
  Time since last request: 0.000068 seconds.
  path: Assets/Detail Flower Pack/prefabs/flower13a.prefab
  artifactKey: Guid(4a9eb4e4fb56d054d9dcbbf30e087eaf) Importer(815301076,1909f56bfc062723c751e8b465ee728b)
Start importing Assets/Detail Flower Pack/prefabs/flower13a.prefab using Guid(4a9eb4e4fb56d054d9dcbbf30e087eaf) Importer(815301076,1909f56bfc062723c751e8b465ee728b)  -> (artifact id: '98f7f69e7d10f5bc4cc7067afe892a95') in 0.010747 seconds 
========================================================================
Received Import Request.
  Time since last request: 0.000062 seconds.
  path: Assets/Detail Flower Pack/prefabs/ground1.prefab
  artifactKey: Guid(514f62cab05004147b155de8f7e2c202) Importer(815301076,1909f56bfc062723c751e8b465ee728b)
Start importing Assets/Detail Flower Pack/prefabs/ground1.prefab using Guid(514f62cab05004147b155de8f7e2c202) Importer(815301076,1909f56bfc062723c751e8b465ee728b)  -> (artifact id: '7bdee6c656fd57e4ca8cbdb51e626001') in 0.011023 seconds 
========================================================================
Received Import Request.
  Time since last request: 0.000057 seconds.
  path: Assets/Detail Flower Pack/prefabs/flower7b.prefab
  artifactKey: Guid(6af93b6c2e61005409cdcbd499e9bd51) Importer(815301076,1909f56bfc062723c751e8b465ee728b)
Start importing Assets/Detail Flower Pack/prefabs/flower7b.prefab using Guid(6af93b6c2e61005409cdcbd499e9bd51) Importer(815301076,1909f56bfc062723c751e8b465ee728b)  -> (artifact id: '020f9b86b5980bf266879d168ffdd577') in 0.012416 seconds 
========================================================================
Received Import Request.
  Time since last request: 0.000068 seconds.
  path: Assets/Detail Flower Pack/prefabs/flower12a.prefab
  artifactKey: Guid(95754548dde5fa344b8edd5bbc2d9a9a) Importer(815301076,1909f56bfc062723c751e8b465ee728b)
Start importing Assets/Detail Flower Pack/prefabs/flower12a.prefab using Guid(95754548dde5fa344b8edd5bbc2d9a9a) Importer(815301076,1909f56bfc062723c751e8b465ee728b)  -> (artifact id: '0e1e21c22f60959050aac5efd8a4904c') in 0.012965 seconds 
========================================================================
Received Import Request.
  Time since last request: 0.000078 seconds.
  path: Assets/Detail Flower Pack/prefabs/flower6a.prefab
  artifactKey: Guid(f0be67ff2a4ae2341ad7e69c0a2bad65) Importer(815301076,1909f56bfc062723c751e8b465ee728b)
Start importing Assets/Detail Flower Pack/prefabs/flower6a.prefab using Guid(f0be67ff2a4ae2341ad7e69c0a2bad65) Importer(815301076,1909f56bfc062723c751e8b465ee728b)  -> (artifact id: 'd652da6d837d4a88ad031fce56559765') in 0.011590 seconds 
========================================================================
Received Import Request.
  Time since last request: 0.000064 seconds.
  path: Assets/Detail Flower Pack/prefabs/flower7a.prefab
  artifactKey: Guid(0d3f039dccfe3ce41b5f1033d111f4e1) Importer(815301076,1909f56bfc062723c751e8b465ee728b)
Start importing Assets/Detail Flower Pack/prefabs/flower7a.prefab using Guid(0d3f039dccfe3ce41b5f1033d111f4e1) Importer(815301076,1909f56bfc062723c751e8b465ee728b)  -> (artifact id: 'd439925e72453399d1218bbeb605a191') in 0.013516 seconds 
========================================================================
Received Import Request.
  Time since last request: 0.000077 seconds.
  path: Assets/Detail Flower Pack/prefabs/flower3b.prefab
  artifactKey: Guid(744ddb7ca18ff154f928ead7ed91825d) Importer(815301076,1909f56bfc062723c751e8b465ee728b)
Start importing Assets/Detail Flower Pack/prefabs/flower3b.prefab using Guid(744ddb7ca18ff154f928ead7ed91825d) Importer(815301076,1909f56bfc062723c751e8b465ee728b)  -> (artifact id: '36e03891f86e72941a4da9b5e4b98e98') in 0.011804 seconds 
========================================================================
Received Prepare
Registering precompiled user dll's ...
Registered in 0.001891 seconds.
Begin MonoManager ReloadAssembly
Symbol file LoadedFromMemory doesn't match image /Users/alison/Grass/Library/PackageCache/com.unity.visualscripting@1.7.8/Editor/VisualScripting.Core/Dependencies/YamlDotNet/Unity.VisualScripting.YamlDotNet.dll
Symbol file LoadedFromMemory doesn't match image /Users/alison/Grass/Library/PackageCache/com.unity.visualscripting@1.7.8/Editor/VisualScripting.Core/Dependencies/DotNetZip/Unity.VisualScripting.IonicZip.dll
Native extension for OSXStandalone target not found
Native extension for WebGL target not found
Refreshing native plugins compatible for Editor in 0.79 ms, found 2 plugins.
Preloading 0 native plugins for Editor in 0.00 ms.
Mono: successfully reloaded assembly
- Completed reload, in  2.429 seconds
Domain Reload Profiling:
	ReloadAssembly (2431ms)
		BeginReloadAssembly (330ms)
			ExecutionOrderSort (0ms)
			DisableScriptedObjects (42ms)
			BackupInstance (0ms)
			ReleaseScriptingObjects (0ms)
			CreateAndSetChildDomain (105ms)
		EndReloadAssembly (1862ms)
			LoadAssemblies (123ms)
			RebuildTransferFunctionScriptingTraits (0ms)
			SetupTypeCache (340ms)
			ReleaseScriptCaches (1ms)
			RebuildScriptCaches (47ms)
			SetupLoadedEditorAssemblies (1171ms)
				LogAssemblyErrors (0ms)
				InitializePlatformSupportModulesInManaged (37ms)
				SetLoadedEditorAssemblies (2ms)
				RefreshPlugins (1ms)
				BeforeProcessingInitializeOnLoad (111ms)
				ProcessInitializeOnLoadAttributes (894ms)
				ProcessInitializeOnLoadMethodAttributes (125ms)
				AfterProcessingInitializeOnLoad (1ms)
				EditorAssembliesLoaded (0ms)
			ExecutionOrderSort2 (0ms)
			AwakeInstancesAfterBackupRestoration (12ms)
Platform modules already initialized, skipping
Refreshing native plugins compatible for Editor in 1.82 ms, found 2 plugins.
Preloading 0 native plugins for Editor in 0.00 ms.
Unloading 3400 Unused Serialized files (Serialized files now loaded: 0)
Unloading 20 unused Assets / (72.8 KB). Loaded Objects now: 3909.
Memory consumption went from 341.0 MB to 340.9 MB.
Total: 2.950042 ms (FindLiveObjects: 0.276875 ms CreateObjectMapping: 0.076083 ms MarkObjects: 2.455625 ms  DeleteObjects: 0.139750 ms)

AssetImportParameters requested are different than current active one (requested -> active):
  custom:video-decoder-ogg-theora: a1e56fd34408186e4bbccfd4996cb3dc -> 
  custom:container-muxer-webm: aa71ff27fc2769a1b78a27578f13a17b -> 
  custom:container-demuxer-webm: 4f35f7cbe854078d1ac9338744f61a02 -> 
  custom:video-encoder-webm-vp8: eb34c28f22e8b96e1ab97ce403110664 -> 
  custom:framework-osx-AVFoundation: e770b220cccbd017edd2c1fefb359320 -> 
  custom:audio-encoder-webm-vorbis: bf7c407c2cedff20999df2af8eb42d56 -> 
  custom:container-demuxer-ogg: 62fdf1f143b41e24485cea50d1cbac27 -> 
  custom:video-decoder-webm-vp8: 9c59270c3fd7afecdb556c50c9e8de78 -> 
  custom:audio-decoder-ogg-vorbis: bf7c407c2cedff20999df2af8eb42d56 -> 
========================================================================
Received Prepare
Registering precompiled user dll's ...
Registered in 0.001948 seconds.
Begin MonoManager ReloadAssembly
Symbol file LoadedFromMemory doesn't match image /Users/alison/Grass/Library/PackageCache/com.unity.visualscripting@1.7.8/Editor/VisualScripting.Core/Dependencies/YamlDotNet/Unity.VisualScripting.YamlDotNet.dll
Symbol file LoadedFromMemory doesn't match image /Users/alison/Grass/Library/PackageCache/com.unity.visualscripting@1.7.8/Editor/VisualScripting.Core/Dependencies/DotNetZip/Unity.VisualScripting.IonicZip.dll
Native extension for OSXStandalone target not found
Native extension for WebGL target not found
Refreshing native plugins compatible for Editor in 0.68 ms, found 2 plugins.
Preloading 0 native plugins for Editor in 0.00 ms.
Mono: successfully reloaded assembly
- Completed reload, in  2.481 seconds
Domain Reload Profiling:
	ReloadAssembly (2483ms)
		BeginReloadAssembly (317ms)
			ExecutionOrderSort (0ms)
			DisableScriptedObjects (42ms)
			BackupInstance (0ms)
			ReleaseScriptingObjects (0ms)
			CreateAndSetChildDomain (93ms)
		EndReloadAssembly (1922ms)
			LoadAssemblies (127ms)
			RebuildTransferFunctionScriptingTraits (0ms)
			SetupTypeCache (363ms)
			ReleaseScriptCaches (1ms)
			RebuildScriptCaches (48ms)
			SetupLoadedEditorAssemblies (1204ms)
				LogAssemblyErrors (0ms)
				InitializePlatformSupportModulesInManaged (38ms)
				SetLoadedEditorAssemblies (4ms)
				RefreshPlugins (1ms)
				BeforeProcessingInitializeOnLoad (113ms)
				ProcessInitializeOnLoadAttributes (932ms)
				ProcessInitializeOnLoadMethodAttributes (114ms)
				AfterProcessingInitializeOnLoad (1ms)
				EditorAssembliesLoaded (0ms)
			ExecutionOrderSort2 (0ms)
			AwakeInstancesAfterBackupRestoration (12ms)
Platform modules already initialized, skipping
Refreshing native plugins compatible for Editor in 1.94 ms, found 2 plugins.
Preloading 0 native plugins for Editor in 0.00 ms.
Unloading 3400 Unused Serialized files (Serialized files now loaded: 0)
Unloading 20 unused Assets / (72.8 KB). Loaded Objects now: 3912.
Memory consumption went from 341.2 MB to 341.1 MB.
Total: 3.094250 ms (FindLiveObjects: 0.210791 ms CreateObjectMapping: 0.076584 ms MarkObjects: 2.662125 ms  DeleteObjects: 0.143833 ms)

AssetImportParameters requested are different than current active one (requested -> active):
  custom:video-decoder-ogg-theora: a1e56fd34408186e4bbccfd4996cb3dc -> 
  custom:container-muxer-webm: aa71ff27fc2769a1b78a27578f13a17b -> 
  custom:container-demuxer-webm: 4f35f7cbe854078d1ac9338744f61a02 -> 
  custom:video-encoder-webm-vp8: eb34c28f22e8b96e1ab97ce403110664 -> 
  custom:framework-osx-AVFoundation: e770b220cccbd017edd2c1fefb359320 -> 
  custom:audio-encoder-webm-vorbis: bf7c407c2cedff20999df2af8eb42d56 -> 
  custom:container-demuxer-ogg: 62fdf1f143b41e24485cea50d1cbac27 -> 
  custom:video-decoder-webm-vp8: 9c59270c3fd7afecdb556c50c9e8de78 -> 
  custom:audio-decoder-ogg-vorbis: bf7c407c2cedff20999df2af8eb42d56 -> 
